<?xml version="1.0" encoding="UTF-8"?>
<coverage generated="1692640850405" clover="3.2.0">
  <project timestamp="1692640850405" name="All files">
    <metrics statements="36" coveredstatements="0" conditionals="6" coveredconditionals="0" methods="15" coveredmethods="0" elements="57" coveredelements="0" complexity="0" loc="36" ncloc="36" packages="1" files="5" classes="5"/>
    <file name="AddContact.js" path="C:\Users\stoic\Desktop\JavaScriptRemoteRO28\Testing\contact-app-testing\contact-app-testing\src\components\AddContact.js">
      <metrics statements="11" coveredstatements="0" conditionals="4" coveredconditionals="0" methods="4" coveredmethods="0"/>
      <line num="4" count="0" type="stmt"/>
      <line num="8" count="0" type="stmt"/>
      <line num="9" count="0" type="stmt"/>
      <line num="10" count="0" type="cond" truecount="0" falsecount="4"/>
      <line num="11" count="0" type="stmt"/>
      <line num="12" count="0" type="stmt"/>
      <line num="14" count="0" type="stmt"/>
      <line num="15" count="0" type="stmt"/>
      <line num="18" count="0" type="stmt"/>
      <line num="28" count="0" type="stmt"/>
      <line num="38" count="0" type="stmt"/>
    </file>
    <file name="App.js" path="C:\Users\stoic\Desktop\JavaScriptRemoteRO28\Testing\contact-app-testing\contact-app-testing\src\components\App.js">
      <metrics statements="12" coveredstatements="0" conditionals="2" coveredconditionals="0" methods="5" coveredmethods="0"/>
      <line num="9" count="0" type="stmt"/>
      <line num="10" count="0" type="stmt"/>
      <line num="14" count="0" type="stmt"/>
      <line num="15" count="0" type="stmt"/>
      <line num="16" count="0" type="stmt"/>
      <line num="19" count="0" type="stmt"/>
      <line num="20" count="0" type="stmt"/>
      <line num="21" count="0" type="stmt"/>
      <line num="24" count="0" type="stmt"/>
      <line num="32" count="0" type="stmt"/>
      <line num="33" count="0" type="stmt"/>
      <line num="36" count="0" type="stmt"/>
    </file>
    <file name="ContactCard.js" path="C:\Users\stoic\Desktop\JavaScriptRemoteRO28\Testing\contact-app-testing\contact-app-testing\src\components\ContactCard.js">
      <metrics statements="4" coveredstatements="0" conditionals="0" coveredconditionals="0" methods="2" coveredmethods="0"/>
      <line num="4" count="0" type="stmt"/>
      <line num="5" count="0" type="stmt"/>
      <line num="6" count="0" type="stmt"/>
      <line num="16" count="0" type="stmt"/>
    </file>
    <file name="ContactList.js" path="C:\Users\stoic\Desktop\JavaScriptRemoteRO28\Testing\contact-app-testing\contact-app-testing\src\components\ContactList.js">
      <metrics statements="7" coveredstatements="0" conditionals="0" coveredconditionals="0" methods="3" coveredmethods="0"/>
      <line num="4" count="0" type="stmt"/>
      <line num="5" count="0" type="stmt"/>
      <line num="7" count="0" type="stmt"/>
      <line num="8" count="0" type="stmt"/>
      <line num="10" count="0" type="stmt"/>
      <line num="11" count="0" type="stmt"/>
      <line num="19" count="0" type="stmt"/>
    </file>
    <file name="Header.js" path="C:\Users\stoic\Desktop\JavaScriptRemoteRO28\Testing\contact-app-testing\contact-app-testing\src\components\Header.js">
      <metrics statements="2" coveredstatements="0" conditionals="0" coveredconditionals="0" methods="1" coveredmethods="0"/>
      <line num="3" count="0" type="stmt"/>
      <line num="4" count="0" type="stmt"/>
    </file>
  </project>
</coverage>
