{"C:\\Users\\stoic\\Desktop\\JavaScriptRemoteRO28\\Testing\\contact-app-testing\\contact-app-testing\\src\\components\\AddContact.js": {"path":"C:\\Users\\stoic\\Desktop\\JavaScriptRemoteRO28\\Testing\\contact-app-testing\\contact-app-testing\\src\\components\\AddContact.js","statementMap":{"0":{"start":{"line":4,"column":12},"end":{"line":7,"column":5}},"1":{"start":{"line":8,"column":10},"end":{"line":16,"column":5}},"2":{"start":{"line":9,"column":9},"end":{"line":9,"column":27}},"3":{"start":{"line":10,"column":9},"end":{"line":13,"column":10}},"4":{"start":{"line":11,"column":12},"end":{"line":11,"column":45}},"5":{"start":{"line":12,"column":12},"end":{"line":12,"column":18}},"6":{"start":{"line":14,"column":9},"end":{"line":14,"column":50}},"7":{"start":{"line":15,"column":9},"end":{"line":15,"column":48}},"8":{"start":{"line":18,"column":8},"end":{"line":50,"column":9}},"9":{"start":{"line":28,"column":41},"end":{"line":28,"column":80}},"10":{"start":{"line":38,"column":41},"end":{"line":38,"column":81}}},"fnMap":{"0":{"name":"(anonymous_0)","decl":{"start":{"line":8,"column":10},"end":{"line":8,"column":11}},"loc":{"start":{"line":8,"column":17},"end":{"line":16,"column":5}},"line":8},"1":{"name":"(anonymous_1)","decl":{"start":{"line":17,"column":4},"end":{"line":17,"column":5}},"loc":{"start":{"line":17,"column":13},"end":{"line":51,"column":5}},"line":17},"2":{"name":"(anonymous_2)","decl":{"start":{"line":28,"column":34},"end":{"line":28,"column":35}},"loc":{"start":{"line":28,"column":41},"end":{"line":28,"column":80}},"line":28},"3":{"name":"(anonymous_3)","decl":{"start":{"line":38,"column":34},"end":{"line":38,"column":35}},"loc":{"start":{"line":38,"column":41},"end":{"line":38,"column":81}},"line":38}},"branchMap":{"0":{"loc":{"start":{"line":10,"column":9},"end":{"line":13,"column":10}},"type":"if","locations":[{"start":{"line":10,"column":9},"end":{"line":13,"column":10}},{"start":{},"end":{}}],"line":10},"1":{"loc":{"start":{"line":10,"column":12},"end":{"line":10,"column":61}},"type":"binary-expr","locations":[{"start":{"line":10,"column":12},"end":{"line":10,"column":34}},{"start":{"line":10,"column":38},"end":{"line":10,"column":61}}],"line":10}},"s":{"0":0,"1":0,"2":0,"3":0,"4":0,"5":0,"6":0,"7":0,"8":0,"9":0,"10":0},"f":{"0":0,"1":0,"2":0,"3":0},"b":{"0":[0,0],"1":[0,0]}}
,"C:\\Users\\stoic\\Desktop\\JavaScriptRemoteRO28\\Testing\\contact-app-testing\\contact-app-testing\\src\\components\\App.js": {"path":"C:\\Users\\stoic\\Desktop\\JavaScriptRemoteRO28\\Testing\\contact-app-testing\\contact-app-testing\\src\\components\\App.js","statementMap":{"0":{"start":{"line":9,"column":28},"end":{"line":9,"column":38}},"1":{"start":{"line":10,"column":34},"end":{"line":12,"column":3}},"2":{"start":{"line":14,"column":28},"end":{"line":17,"column":3}},"3":{"start":{"line":15,"column":4},"end":{"line":15,"column":25}},"4":{"start":{"line":16,"column":4},"end":{"line":16,"column":59}},"5":{"start":{"line":19,"column":31},"end":{"line":25,"column":3}},"6":{"start":{"line":20,"column":27},"end":{"line":22,"column":6}},"7":{"start":{"line":21,"column":6},"end":{"line":21,"column":31}},"8":{"start":{"line":24,"column":4},"end":{"line":24,"column":32}},"9":{"start":{"line":32,"column":2},"end":{"line":34,"column":17}},"10":{"start":{"line":33,"column":4},"end":{"line":33,"column":70}},"11":{"start":{"line":36,"column":2},"end":{"line":42,"column":4}}},"fnMap":{"0":{"name":"App","decl":{"start":{"line":8,"column":9},"end":{"line":8,"column":12}},"loc":{"start":{"line":8,"column":15},"end":{"line":43,"column":1}},"line":8},"1":{"name":"(anonymous_1)","decl":{"start":{"line":14,"column":28},"end":{"line":14,"column":29}},"loc":{"start":{"line":14,"column":41},"end":{"line":17,"column":3}},"line":14},"2":{"name":"(anonymous_2)","decl":{"start":{"line":19,"column":31},"end":{"line":19,"column":32}},"loc":{"start":{"line":19,"column":39},"end":{"line":25,"column":3}},"line":19},"3":{"name":"(anonymous_3)","decl":{"start":{"line":20,"column":43},"end":{"line":20,"column":44}},"loc":{"start":{"line":20,"column":56},"end":{"line":22,"column":5}},"line":20},"4":{"name":"(anonymous_4)","decl":{"start":{"line":32,"column":12},"end":{"line":32,"column":13}},"loc":{"start":{"line":32,"column":18},"end":{"line":34,"column":3}},"line":32}},"branchMap":{"0":{"loc":{"start":{"line":11,"column":4},"end":{"line":11,"column":61}},"type":"binary-expr","locations":[{"start":{"line":11,"column":4},"end":{"line":11,"column":55}},{"start":{"line":11,"column":59},"end":{"line":11,"column":61}}],"line":11}},"s":{"0":0,"1":0,"2":0,"3":0,"4":0,"5":0,"6":0,"7":0,"8":0,"9":0,"10":0,"11":0},"f":{"0":0,"1":0,"2":0,"3":0,"4":0},"b":{"0":[0,0]}}
,"C:\\Users\\stoic\\Desktop\\JavaScriptRemoteRO28\\Testing\\contact-app-testing\\contact-app-testing\\src\\components\\ContactCard.js": {"path":"C:\\Users\\stoic\\Desktop\\JavaScriptRemoteRO28\\Testing\\contact-app-testing\\contact-app-testing\\src\\components\\ContactCard.js","statementMap":{"0":{"start":{"line":4,"column":20},"end":{"line":20,"column":1}},"1":{"start":{"line":5,"column":30},"end":{"line":5,"column":43}},"2":{"start":{"line":6,"column":2},"end":{"line":19,"column":4}},"3":{"start":{"line":16,"column":23},"end":{"line":16,"column":44}}},"fnMap":{"0":{"name":"(anonymous_0)","decl":{"start":{"line":4,"column":20},"end":{"line":4,"column":21}},"loc":{"start":{"line":4,"column":31},"end":{"line":20,"column":1}},"line":4},"1":{"name":"(anonymous_1)","decl":{"start":{"line":16,"column":17},"end":{"line":16,"column":18}},"loc":{"start":{"line":16,"column":23},"end":{"line":16,"column":44}},"line":16}},"branchMap":{},"s":{"0":0,"1":0,"2":0,"3":0},"f":{"0":0,"1":0},"b":{}}
,"C:\\Users\\stoic\\Desktop\\JavaScriptRemoteRO28\\Testing\\contact-app-testing\\contact-app-testing\\src\\components\\ContactList.js": {"path":"C:\\Users\\stoic\\Desktop\\JavaScriptRemoteRO28\\Testing\\contact-app-testing\\contact-app-testing\\src\\components\\ContactList.js","statementMap":{"0":{"start":{"line":4,"column":20},"end":{"line":20,"column":1}},"1":{"start":{"line":5,"column":2},"end":{"line":5,"column":21}},"2":{"start":{"line":7,"column":30},"end":{"line":9,"column":3}},"3":{"start":{"line":8,"column":4},"end":{"line":8,"column":27}},"4":{"start":{"line":10,"column":28},"end":{"line":18,"column":4}},"5":{"start":{"line":11,"column":4},"end":{"line":17,"column":6}},"6":{"start":{"line":19,"column":2},"end":{"line":19,"column":67}}},"fnMap":{"0":{"name":"(anonymous_0)","decl":{"start":{"line":4,"column":20},"end":{"line":4,"column":21}},"loc":{"start":{"line":4,"column":31},"end":{"line":20,"column":1}},"line":4},"1":{"name":"(anonymous_1)","decl":{"start":{"line":7,"column":30},"end":{"line":7,"column":31}},"loc":{"start":{"line":7,"column":38},"end":{"line":9,"column":3}},"line":7},"2":{"name":"(anonymous_2)","decl":{"start":{"line":10,"column":47},"end":{"line":10,"column":48}},"loc":{"start":{"line":10,"column":60},"end":{"line":18,"column":3}},"line":10}},"branchMap":{},"s":{"0":0,"1":0,"2":0,"3":0,"4":0,"5":0,"6":0},"f":{"0":0,"1":0,"2":0},"b":{}}
,"C:\\Users\\stoic\\Desktop\\JavaScriptRemoteRO28\\Testing\\contact-app-testing\\contact-app-testing\\src\\components\\Header.js": {"path":"C:\\Users\\stoic\\Desktop\\JavaScriptRemoteRO28\\Testing\\contact-app-testing\\contact-app-testing\\src\\components\\Header.js","statementMap":{"0":{"start":{"line":3,"column":15},"end":{"line":11,"column":3}},"1":{"start":{"line":4,"column":4},"end":{"line":10,"column":6}}},"fnMap":{"0":{"name":"(anonymous_0)","decl":{"start":{"line":3,"column":15},"end":{"line":3,"column":16}},"loc":{"start":{"line":3,"column":21},"end":{"line":11,"column":3}},"line":3}},"branchMap":{},"s":{"0":0,"1":0},"f":{"0":0},"b":{}}
}
